action: py37, msg: getenv
cwd: /home/dmeijerink/pathe/tekkieworden
cmd: /home/dmeijerink/pathe/tekkieworden/.tox/py37/bin/pip install --pre -rrequirements.txt
Collecting python-dotenv>=0.13.0
  Using cached python_dotenv-0.13.0-py2.py3-none-any.whl (17 kB)
Collecting black>=19.3b0
  Using cached black-19.10b0-py36-none-any.whl (97 kB)
Collecting flake8>=3.7.9
  Using cached flake8-3.8.0a2-py2.py3-none-any.whl (72 kB)
Collecting pandas-profiling>=2.6.0
  Using cached pandas_profiling-2.6.0-py2.py3-none-any.whl (241 kB)
Collecting tox>=3.14.6
  Using cached tox-3.14.6-py2.py3-none-any.whl (81 kB)
Collecting pandas>=1.0.3
  Using cached pandas-1.0.3-cp37-cp37m-manylinux1_x86_64.whl (10.0 MB)
Collecting numpy>=1.18.3
  Using cached numpy-1.18.3-cp37-cp37m-manylinux1_x86_64.whl (20.2 MB)
Collecting pytest<6.0.0,>=5.3.2
  Using cached pytest-5.4.1-py3-none-any.whl (246 kB)
Requirement already satisfied: setuptools>=46.1.3 in ./.tox/py37/lib/python3.7/site-packages (from -r requirements.txt (line 13)) (46.1.3)
Collecting click>=6.5
  Using cached click-7.1.2-py2.py3-none-any.whl (82 kB)
Collecting attrs>=18.1.0
  Using cached attrs-19.3.0-py2.py3-none-any.whl (39 kB)
Collecting appdirs
  Using cached appdirs-1.4.3-py2.py3-none-any.whl (12 kB)
Collecting regex
  Using cached regex-2020.4.4-cp37-cp37m-manylinux2010_x86_64.whl (679 kB)
Collecting pathspec<1,>=0.6
  Using cached pathspec-0.8.0-py2.py3-none-any.whl (28 kB)
Collecting typed-ast>=1.4.0
  Using cached typed_ast-1.4.1-cp37-cp37m-manylinux1_x86_64.whl (737 kB)
Collecting toml>=0.9.4
  Using cached toml-0.10.0-py2.py3-none-any.whl (25 kB)
Collecting importlib-metadata; python_version < "3.8"
  Using cached importlib_metadata-1.6.0-py2.py3-none-any.whl (30 kB)
Collecting pyflakes<2.3.0,>=2.2.0
  Using cached pyflakes-2.2.0-py2.py3-none-any.whl (66 kB)
Collecting pycodestyle<2.7.0,>=2.6.0a1
  Using cached pycodestyle-2.6.0a1-py2.py3-none-any.whl (41 kB)
Collecting mccabe<0.7.0,>=0.6.0
  Using cached mccabe-0.6.1-py2.py3-none-any.whl (8.6 kB)
Processing /home/dmeijerink/.cache/pip/wheels/22/bb/74/1c79b7768407fd0acee5a61216474bd95b05ccdd38eac9c992/tangled_up_in_unicode-0.0.4-py3-none-any.whl
Collecting jinja2>=2.11.1
  Using cached Jinja2-3.0.0a1-py3-none-any.whl (121 kB)
Collecting astropy>=4.0
  Using cached astropy-4.0.1.post1-cp37-cp37m-manylinux1_x86_64.whl (6.5 MB)
Collecting statsmodels>=0.11.1
  Using cached statsmodels-0.11.1-cp37-cp37m-manylinux1_x86_64.whl (8.7 MB)
Collecting phik>=0.9.10
  Using cached phik-0.9.11-py3-none-any.whl (609 kB)
Collecting requests>=2.23.0
  Using cached requests-2.23.0-py2.py3-none-any.whl (58 kB)
Collecting missingno>=0.4.2
  Using cached missingno-0.4.2-py3-none-any.whl (9.7 kB)
Collecting visions[type_image_path]>=0.4.1
  Using cached visions-0.4.1-py3-none-any.whl (58 kB)
Processing /home/dmeijerink/.cache/pip/wheels/18/e0/b3/79594ba4a96afaf41d39916ed83ce7d5ec031874c66a76eabb/confuse-1.1.0-py3-none-any.whl
Processing /home/dmeijerink/.cache/pip/wheels/43/07/ac/7c5a9d708d65247ac1f94066cf1db075540b85716c30255459/htmlmin-0.1.12-cp37-none-any.whl
Collecting matplotlib>=3.2.0
  Using cached matplotlib-3.2.1-cp37-cp37m-manylinux1_x86_64.whl (12.4 MB)
Collecting scipy>=1.4.1
  Using cached scipy-1.4.1-cp37-cp37m-manylinux1_x86_64.whl (26.1 MB)
Collecting tqdm>=4.43.0
  Using cached tqdm-4.45.0-py2.py3-none-any.whl (60 kB)
Collecting ipywidgets>=7.5.1
  Using cached ipywidgets-8.0.0a0-py3-none-any.whl (121 kB)
Collecting six<2,>=1.14.0
  Using cached six-1.14.0-py2.py3-none-any.whl (10 kB)
Collecting virtualenv!=20.0.0,!=20.0.1,!=20.0.2,!=20.0.3,!=20.0.4,!=20.0.5,!=20.0.6,!=20.0.7,>=16.0.0
  Using cached virtualenv-20.0.18-py2.py3-none-any.whl (4.6 MB)
Collecting filelock<4,>=3.0.0
  Using cached filelock-3.0.12-py3-none-any.whl (7.6 kB)
Collecting packaging>=14
  Using cached packaging-20.3-py2.py3-none-any.whl (37 kB)
Collecting py<2,>=1.4.17
  Using cached py-1.8.1-py2.py3-none-any.whl (83 kB)
Collecting pluggy<1,>=0.12.0
  Using cached pluggy-0.13.1-py2.py3-none-any.whl (18 kB)
Collecting python-dateutil>=2.6.1
  Using cached python_dateutil-2.8.1-py2.py3-none-any.whl (227 kB)
Collecting pytz>=2017.2
  Using cached pytz-2020.1-py2.py3-none-any.whl (510 kB)
Collecting more-itertools>=4.0.0
  Using cached more_itertools-8.2.0-py3-none-any.whl (43 kB)
Collecting wcwidth
  Using cached wcwidth-0.1.9-py2.py3-none-any.whl (19 kB)
Collecting zipp>=0.5
  Using cached zipp-3.1.0-py3-none-any.whl (4.9 kB)
Collecting MarkupSafe>=1.1
  Downloading MarkupSafe-2.0.0a1-cp37-cp37m-manylinux2010_x86_64.whl (30 kB)
Collecting patsy>=0.5
  Using cached patsy-0.5.1-py2.py3-none-any.whl (231 kB)
Collecting joblib>=0.14.1
  Using cached joblib-0.14.1-py2.py3-none-any.whl (294 kB)
Collecting numba>=0.38.1
  Using cached numba-0.49.0-cp37-cp37m-manylinux2014_x86_64.whl (3.6 MB)
Collecting certifi>=2017.4.17
  Using cached certifi-2020.4.5.1-py2.py3-none-any.whl (157 kB)
Collecting urllib3!=1.25.0,!=1.25.1,<1.26,>=1.21.1
  Using cached urllib3-1.25.9-py2.py3-none-any.whl (126 kB)
Collecting chardet<4,>=3.0.2
  Using cached chardet-3.0.4-py2.py3-none-any.whl (133 kB)
Collecting idna<3,>=2.5
  Using cached idna-2.9-py2.py3-none-any.whl (58 kB)
Collecting seaborn
  Using cached seaborn-0.10.1-py3-none-any.whl (215 kB)
Collecting networkx>=2.4
  Using cached networkx-2.4-py3-none-any.whl (1.6 MB)
Collecting Pillow; extra == "type_image_path"
  Using cached Pillow-7.1.2-cp37-cp37m-manylinux1_x86_64.whl (2.1 MB)
Collecting imagehash; extra == "type_image_path"
  Using cached ImageHash-4.1.0.tar.gz (291 kB)
Processing /home/dmeijerink/.cache/pip/wheels/5e/03/1e/e1e954795d6f35dfc7b637fe2277bff021303bd9570ecea653/PyYAML-5.3.1-cp37-cp37m-linux_x86_64.whl
Collecting pyparsing!=2.0.4,!=2.1.2,!=2.1.6,>=2.0.1
  Using cached pyparsing-3.0.0a1-py3-none-any.whl (73 kB)
Collecting kiwisolver>=1.0.1
  Using cached kiwisolver-1.2.0-cp37-cp37m-manylinux1_x86_64.whl (88 kB)
Collecting cycler>=0.10
  Using cached cycler-0.10.0-py2.py3-none-any.whl (6.5 kB)
Collecting traitlets>=4.3.1
  Using cached traitlets-4.3.3-py2.py3-none-any.whl (75 kB)
Collecting ipykernel>=4.5.1
  Using cached ipykernel-5.2.1-py3-none-any.whl (118 kB)
Collecting ipython>=6.1.0
  Using cached ipython-7.13.0-py3-none-any.whl (780 kB)
Collecting widgetsnbextension~=4.0a0
  Using cached widgetsnbextension-4.0.0a0-py3-none-any.whl (2.4 MB)
Collecting nbformat>=4.2.0
  Using cached nbformat-5.0.6-py3-none-any.whl (170 kB)
Processing /home/dmeijerink/.cache/pip/wheels/6e/e8/db/c73dae4867666e89ba3cfbc4b5c092446f0e584eda6f409cbb/distlib-0.3.0-cp37-none-any.whl
ERROR: Operation cancelled by user
