action: py37, msg: envreport
cwd: /home/dmeijerink/pathe/tekkieworden
cmd: /home/dmeijerink/pathe/tekkieworden/.tox/py37/bin/python -m pip freeze
appdirs==1.4.3
astropy==4.0.1.post1
attrs==19.3.0
backcall==0.1.0
black==19.10b0
certifi==2020.4.5.1
chardet==3.0.4
click==7.1.2
confuse==1.1.0
cycler==0.10.0
decorator==4.4.2
distlib==0.3.0
filelock==3.0.12
flake8==3.8.0a2
htmlmin==0.1.12
idna==2.9
ImageHash==4.1.0
importlib-metadata==1.6.0
ipykernel==5.2.1
ipython==7.13.0
ipython-genutils==0.2.0
ipywidgets==8.0.0a0
jedi==0.17.0
Jinja2==3.0.0a1
joblib==0.14.1
jsonschema==3.2.0
jupyter-client==6.1.3
jupyter-core==4.6.3
kiwisolver==1.2.0
llvmlite==0.32.0
MarkupSafe==2.0.0a1
matplotlib==3.2.1
mccabe==0.6.1
missingno==0.4.2
more-itertools==8.2.0
nbformat==5.0.6
networkx==2.4
numba==0.49.0
numpy==1.18.3
packaging==20.3
pandas==1.0.3
pandas-profiling==2.6.0
parso==0.7.0
pathspec==0.8.0
patsy==0.5.1
pexpect==4.8.0
phik==0.9.11
pickleshare==0.7.5
Pillow==7.1.2
pluggy==0.13.1
prompt-toolkit==3.0.5
ptyprocess==0.6.0
py==1.8.1
pycodestyle==2.6.0a1
pyflakes==2.2.0
Pygments==2.6.1
pyparsing==3.0.0a1
pyrsistent==0.16.0
pytest==5.4.1
python-dateutil==2.8.1
python-dotenv==0.13.0
pytz==2020.1
PyWavelets==1.1.1
PyYAML==5.3.1
pyzmq==19.0.0
regex==2020.4.4
requests==2.23.0
scipy==1.4.1
seaborn==0.10.1
six==1.14.0
statsmodels==0.11.1
tangled-up-in-unicode==0.0.4
tekkieworden===about-version-
toml==0.10.0
tornado==6.0.4
tox==3.14.6
tqdm==4.45.0
traitlets==4.3.3
typed-ast==1.4.1
urllib3==1.25.9
virtualenv==20.0.18
visions==0.4.1
wcwidth==0.1.9
widgetsnbextension==4.0.0a0
zipp==3.1.0
