action: py36, msg: getenv
cwd: /home/dmeijerink/pathe/tekkieworden
cmd: /home/dmeijerink/pathe/tekkieworden/.tox/py36/bin/pip install --pre -rrequirements.txt
Collecting python-dotenv>=0.13.0
  Using cached python_dotenv-0.13.0-py2.py3-none-any.whl (17 kB)
Collecting black>=19.3b0
  Using cached black-19.10b0-py36-none-any.whl (97 kB)
Collecting flake8>=3.7.9
  Downloading flake8-3.8.0a2-py2.py3-none-any.whl (72 kB)
Collecting pandas-profiling>=2.6.0
  Using cached pandas_profiling-2.6.0-py2.py3-none-any.whl (241 kB)
Collecting tox>=3.14.6
  Using cached tox-3.14.6-py2.py3-none-any.whl (81 kB)
Collecting pandas>=1.0.3
  Downloading pandas-1.0.3-cp36-cp36m-manylinux1_x86_64.whl (10.0 MB)
Collecting numpy>=1.18.3
  Downloading numpy-1.18.3-cp36-cp36m-manylinux1_x86_64.whl (20.2 MB)
Collecting pytest<6.0.0,>=5.3.2
  Using cached pytest-5.4.1-py3-none-any.whl (246 kB)
Requirement already satisfied: setuptools>=46.1.3 in ./.tox/py36/lib/python3.6/site-packages (from -r requirements.txt (line 13)) (46.1.3)
Collecting regex
  Downloading regex-2020.4.4-cp36-cp36m-manylinux2010_x86_64.whl (679 kB)
Collecting click>=6.5
  Downloading click-7.1.2-py2.py3-none-any.whl (82 kB)
Collecting attrs>=18.1.0
  Using cached attrs-19.3.0-py2.py3-none-any.whl (39 kB)
Collecting pathspec<1,>=0.6
  Using cached pathspec-0.8.0-py2.py3-none-any.whl (28 kB)
Collecting toml>=0.9.4
  Using cached toml-0.10.0-py2.py3-none-any.whl (25 kB)
Collecting appdirs
  Using cached appdirs-1.4.3-py2.py3-none-any.whl (12 kB)
Collecting typed-ast>=1.4.0
  Downloading typed_ast-1.4.1-cp36-cp36m-manylinux1_x86_64.whl (737 kB)
Collecting pyflakes<2.3.0,>=2.2.0
  Downloading pyflakes-2.2.0-py2.py3-none-any.whl (66 kB)
Collecting mccabe<0.7.0,>=0.6.0
  Using cached mccabe-0.6.1-py2.py3-none-any.whl (8.6 kB)
Collecting importlib-metadata; python_version < "3.8"
  Using cached importlib_metadata-1.6.0-py2.py3-none-any.whl (30 kB)
Collecting pycodestyle<2.7.0,>=2.6.0a1
  Downloading pycodestyle-2.6.0a1-py2.py3-none-any.whl (41 kB)
Collecting statsmodels>=0.11.1
  Downloading statsmodels-0.11.1-cp36-cp36m-manylinux1_x86_64.whl (8.7 MB)
Collecting visions[type_image_path]>=0.4.1
  Using cached visions-0.4.1-py3-none-any.whl (58 kB)
Collecting confuse>=1.0.0
  Using cached confuse-1.1.0.tar.gz (32 kB)
Collecting missingno>=0.4.2
  Using cached missingno-0.4.2-py3-none-any.whl (9.7 kB)
Collecting phik>=0.9.10
  Using cached phik-0.9.11-py3-none-any.whl (609 kB)
Collecting requests>=2.23.0
  Using cached requests-2.23.0-py2.py3-none-any.whl (58 kB)
Collecting tqdm>=4.43.0
  Using cached tqdm-4.45.0-py2.py3-none-any.whl (60 kB)
Collecting tangled-up-in-unicode>=0.0.4
  Using cached tangled_up_in_unicode-0.0.4.tar.gz (1.5 MB)
Collecting ipywidgets>=7.5.1
  Downloading ipywidgets-8.0.0a0-py3-none-any.whl (121 kB)
Collecting htmlmin>=0.1.12
  Using cached htmlmin-0.1.12.tar.gz (19 kB)
Collecting matplotlib>=3.2.0
  Downloading matplotlib-3.2.1-cp36-cp36m-manylinux1_x86_64.whl (12.4 MB)
Collecting scipy>=1.4.1
  Using cached scipy-1.4.1-cp36-cp36m-manylinux1_x86_64.whl (26.1 MB)
Collecting jinja2>=2.11.1
  Downloading Jinja2-3.0.0a1-py3-none-any.whl (121 kB)
Collecting astropy>=4.0
  Downloading astropy-4.0.1.post1-cp36-cp36m-manylinux1_x86_64.whl (6.5 MB)
Collecting six<2,>=1.14.0
  Using cached six-1.14.0-py2.py3-none-any.whl (10 kB)
Collecting pluggy<1,>=0.12.0
  Using cached pluggy-0.13.1-py2.py3-none-any.whl (18 kB)
Collecting packaging>=14
  Using cached packaging-20.3-py2.py3-none-any.whl (37 kB)
Collecting filelock<4,>=3.0.0
  Using cached filelock-3.0.12-py3-none-any.whl (7.6 kB)
Collecting virtualenv!=20.0.0,!=20.0.1,!=20.0.2,!=20.0.3,!=20.0.4,!=20.0.5,!=20.0.6,!=20.0.7,>=16.0.0
  Using cached virtualenv-20.0.18-py2.py3-none-any.whl (4.6 MB)
Collecting py<2,>=1.4.17
  Using cached py-1.8.1-py2.py3-none-any.whl (83 kB)
Collecting python-dateutil>=2.6.1
  Using cached python_dateutil-2.8.1-py2.py3-none-any.whl (227 kB)
Collecting pytz>=2017.2
  Using cached pytz-2020.1-py2.py3-none-any.whl (510 kB)
Collecting more-itertools>=4.0.0
  Using cached more_itertools-8.2.0-py3-none-any.whl (43 kB)
Collecting wcwidth
  Using cached wcwidth-0.1.9-py2.py3-none-any.whl (19 kB)
Collecting zipp>=0.5
  Using cached zipp-3.1.0-py3-none-any.whl (4.9 kB)
Collecting patsy>=0.5
  Using cached patsy-0.5.1-py2.py3-none-any.whl (231 kB)
Collecting networkx>=2.4
  Using cached networkx-2.4-py3-none-any.whl (1.6 MB)
Collecting imagehash; extra == "type_image_path"
  Downloading ImageHash-4.1.0.tar.gz (291 kB)
Collecting Pillow; extra == "type_image_path"
  Downloading Pillow-7.1.2-cp36-cp36m-manylinux1_x86_64.whl (2.1 MB)
Processing /home/dmeijerink/.cache/pip/wheels/e5/9d/ad/2ee53cf262cba1ffd8afe1487eef788ea3f260b7e6232a80fc/PyYAML-5.3.1-cp36-cp36m-linux_x86_64.whl
Collecting seaborn
  Using cached seaborn-0.10.1-py3-none-any.whl (215 kB)
Collecting numba>=0.38.1
  Downloading numba-0.49.0-cp36-cp36m-manylinux2014_x86_64.whl (3.6 MB)
Collecting joblib>=0.14.1
  Using cached joblib-0.14.1-py2.py3-none-any.whl (294 kB)
Collecting urllib3!=1.25.0,!=1.25.1,<1.26,>=1.21.1
  Using cached urllib3-1.25.9-py2.py3-none-any.whl (126 kB)
Collecting certifi>=2017.4.17
  Using cached certifi-2020.4.5.1-py2.py3-none-any.whl (157 kB)
Collecting chardet<4,>=3.0.2
  Using cached chardet-3.0.4-py2.py3-none-any.whl (133 kB)
Collecting idna<3,>=2.5
  Using cached idna-2.9-py2.py3-none-any.whl (58 kB)
Collecting widgetsnbextension~=4.0a0
  Downloading widgetsnbextension-4.0.0a0-py3-none-any.whl (2.4 MB)
Collecting traitlets>=4.3.1
  Using cached traitlets-4.3.3-py2.py3-none-any.whl (75 kB)
Collecting ipykernel>=4.5.1
  Using cached ipykernel-5.2.1-py3-none-any.whl (118 kB)
Collecting nbformat>=4.2.0
  Using cached nbformat-5.0.6-py3-none-any.whl (170 kB)
Collecting ipython>=6.1.0
  Using cached ipython-7.13.0-py3-none-any.whl (780 kB)
Collecting pyparsing!=2.0.4,!=2.1.2,!=2.1.6,>=2.0.1
  Using cached pyparsing-3.0.0a1-py3-none-any.whl (73 kB)
Collecting kiwisolver>=1.0.1
  Downloading kiwisolver-1.2.0-cp36-cp36m-manylinux1_x86_64.whl (88 kB)
Collecting cycler>=0.10
  Using cached cycler-0.10.0-py2.py3-none-any.whl (6.5 kB)
Collecting MarkupSafe>=1.1
  Downloading MarkupSafe-2.0.0a1-cp36-cp36m-manylinux2010_x86_64.whl (29 kB)
Collecting importlib-resources<2,>=1.0; python_version < "3.7"
  Downloading importlib_resources-1.5.0-py2.py3-none-any.whl (21 kB)
Processing /home/dmeijerink/.cache/pip/wheels/6e/e8/db/c73dae4867666e89ba3cfbc4b5c092446f0e584eda6f409cbb/distlib-0.3.0-cp36-none-any.whl
Collecting decorator>=4.3.0
  Using cached decorator-4.4.2-py2.py3-none-any.whl (9.2 kB)
Collecting PyWavelets
  Downloading PyWavelets-1.1.1-cp36-cp36m-manylinux1_x86_64.whl (4.4 MB)
Collecting llvmlite<=0.33.0.dev0,>=0.31.0.dev0
  Downloading llvmlite-0.32.0-cp36-cp36m-manylinux1_x86_64.whl (20.2 MB)
Collecting ipython-genutils
  Using cached ipython_genutils-0.2.0-py2.py3-none-any.whl (26 kB)
Collecting jupyter-client
  Using cached jupyter_client-6.1.3-py3-none-any.whl (106 kB)
Processing /home/dmeijerink/.cache/pip/wheels/37/a7/db/2d592e44029ef817f3ef63ea991db34191cebaef087a96f505/tornado-6.0.4-cp36-cp36m-linux_x86_64.whl
Collecting jsonschema!=2.5.0,>=2.4
  Using cached jsonschema-3.2.0-py2.py3-none-any.whl (56 kB)
Collecting jupyter-core
  Using cached jupyter_core-4.6.3-py2.py3-none-any.whl (83 kB)
Collecting pygments
  Using cached Pygments-2.6.1-py3-none-any.whl (914 kB)
Processing /home/dmeijerink/.cache/pip/wheels/b4/cb/f1/d142b3bb45d488612cf3943d8a1db090eb95e6687045ba61d1/backcall-0.1.0-py3-none-any.whl
Collecting pickleshare
  Using cached pickleshare-0.7.5-py2.py3-none-any.whl (6.9 kB)
Collecting pexpect; sys_platform != "win32"
  Using cached pexpect-4.8.0-py2.py3-none-any.whl (59 kB)
Collecting jedi>=0.10
  Using cached jedi-0.17.0-py2.py3-none-any.whl (1.1 MB)
Collecting prompt-toolkit!=3.0.0,!=3.0.1,<3.1.0,>=2.0.0
  Using cached prompt_toolkit-3.0.5-py3-none-any.whl (351 kB)
Collecting pyzmq>=13
  Using cached pyzmq-19.0.0-cp36-cp36m-manylinux1_x86_64.whl (1.1 MB)
Collecting pyrsistent>=0.14.0
  Using cached pyrsistent-0.16.0.tar.gz (108 kB)
Collecting ptyprocess>=0.5
  Using cached ptyprocess-0.6.0-py2.py3-none-any.whl (39 kB)
Collecting parso>=0.7.0
  Using cached parso-0.7.0-py2.py3-none-any.whl (100 kB)
Building wheels for collected packages: confuse, tangled-up-in-unicode, htmlmin, imagehash, pyrsistent
  Building wheel for confuse (setup.py): started
  Building wheel for confuse (setup.py): finished with status 'done'
  Created wheel for confuse: filename=confuse-1.1.0-py3-none-any.whl size=17573 sha256=f4d4a321a3f917a377468ad5cd7522e0f48a342b8f9bcfb0eb7335b6b066378f
  Stored in directory: /home/dmeijerink/.cache/pip/wheels/0b/b9/ff/e8288eaedc9ead7b6f32555771ccd4b5bcec1566553b4c4859
  Building wheel for tangled-up-in-unicode (setup.py): started
  Building wheel for tangled-up-in-unicode (setup.py): finished with status 'done'
  Created wheel for tangled-up-in-unicode: filename=tangled_up_in_unicode-0.0.4-py3-none-any.whl size=1545721 sha256=e6448673d0d16d2e14f3cbcbb00fa9f882ac22460c25353f525305c7d65a585f
  Stored in directory: /home/dmeijerink/.cache/pip/wheels/ea/de/43/638e6f90ec9e9c90c42b88175af8db6f74a0b284b5ae15e05c
  Building wheel for htmlmin (setup.py): started
  Building wheel for htmlmin (setup.py): finished with status 'done'
  Created wheel for htmlmin: filename=htmlmin-0.1.12-py3-none-any.whl size=27084 sha256=bed9ec7cb218bd28ac186f325846a4792acb86db3606e6b6eac42498552bc18d
  Stored in directory: /home/dmeijerink/.cache/pip/wheels/c3/fe/0b/4450b38bceb9ae43dd7d0f16e353566f30f5f4d59a58eca2ed
  Building wheel for imagehash (setup.py): started
  Building wheel for imagehash (setup.py): finished with status 'done'
  Created wheel for imagehash: filename=ImageHash-4.1.0-py2.py3-none-any.whl size=291990 sha256=381a162b843c6614d2b89c91ed6b36811f983a8a4567daa83cb6b05581c61358
  Stored in directory: /home/dmeijerink/.cache/pip/wheels/43/f6/25/a58e553441acfc5ad7782c545147759c94d0d95ea1c1edd4bf
  Building wheel for pyrsistent (setup.py): started
  Building wheel for pyrsistent (setup.py): finished with status 'done'
  Created wheel for pyrsistent: filename=pyrsistent-0.16.0-cp36-cp36m-linux_x86_64.whl size=97739 sha256=23a3dd8114f5b45eff43e4c9b2e8b3e6d4facde9c676e7d2fe61158e609a0001
  Stored in directory: /home/dmeijerink/.cache/pip/wheels/d1/8a/1c/32ab9017418a2c64e4fbaf503c08648bed2f8eb311b869a464
Successfully built confuse tangled-up-in-unicode htmlmin imagehash pyrsistent
Installing collected packages: python-dotenv, regex, click, attrs, pathspec, toml, appdirs, typed-ast, black, pyflakes, mccabe, zipp, importlib-metadata, pycodestyle, flake8, numpy, six, python-dateutil, pytz, pandas, scipy, patsy, statsmodels, tangled-up-in-unicode, decorator, networkx, Pillow, PyWavelets, imagehash, visions, pyyaml, confuse, pyparsing, kiwisolver, cycler, matplotlib, seaborn, missingno, llvmlite, numba, joblib, phik, urllib3, certifi, chardet, idna, requests, tqdm, widgetsnbextension, ipython-genutils, traitlets, tornado, jupyter-core, pyzmq, jupyter-client, pygments, backcall, pickleshare, ptyprocess, pexpect, parso, jedi, wcwidth, prompt-toolkit, ipython, ipykernel, pyrsistent, jsonschema, nbformat, ipywidgets, htmlmin, MarkupSafe, jinja2, astropy, pandas-profiling, pluggy, packaging, filelock, importlib-resources, distlib, virtualenv, py, tox, more-itertools, pytest
